C51 COMPILER V9.52.0.0   MAIN                                                              02/06/2018 19:47:44 PAGE 1   


C51 COMPILER V9.52.0.0, COMPILATION OF MODULE MAIN
OBJECT MODULE PLACED IN main.OBJ
COMPILER INVOKED BY: D:\Program Files\Keil\C51\BIN\C51.EXE main.c BROWSE DEBUG OBJECTEXTEND

line level    source

   1          #include "main.h"
   2          #include "uart.h"
   3          #include <fun.h>
   4          #include <timer.h>
   5          
   6          bit ReadStatus;
   7          bit FindStatus;
   8          
   9          extern uint xdata TimeIndex;
  10          extern uchar xdata Card_Info[10];
  11          extern bit UID_Receive_Flag;
  12          
  13          extern uchar MileageInfo[2];
  14          extern bit Mileage_Finsh;
  15          uint Mileage[2] = {0, 0};
  16          uchar GymInfoCom_10s_Index = 0;
  17          extern uint GymInfoCom_10s;
  18          //**********************************************************************
  19          void main()
  20          {
  21   1          uchar i = 0;
  22   1          uchar temp = 0;
  23   1          uchar UID_Temp[4] = {0x00, 0x00, 0x00, 0x00};
  24   1      
  25   1          Init_Uart();
  26   1          InitTimer0();
  27   1      
  28   1          while (1)
  29   1      
  30   1          {
  31   2              if (UID_Receive_Flag) //new Card Flash
  32   2              {
  33   3                  for (i = 0; i <= 3; i++)
  34   3                  {
  35   4                      UID_Temp[i] = Card_Info[5 + i];
  36   4                  }
  37   3                  if (FindUID(UID_Temp)) //There is a same Card in the List
  38   3                  {
  39   4                      
  40   4                                      Relay_Start = 0; //跑步机继电器闭合，正常工作
  41   4                                      GymInfoCom_10s = 0;
  42   4                      SendArrayHex(2, Card_Info, 10);
  43   4                                      //SendArrayHex(1, Card_Info, 10);
  44   4                      ArrayReset(Card_Info, 0, 3, 6); //清除缓存区，以备下一次读卡做准备
  45   4                  }
  46   3                  else
  47   3                  {
  48   4                      LED_GREEN = 0;
  49   4                      delay1(3000);
  50   4                      LED_GREEN = 1;
  51   4                  }
  52   3                  UID_Receive_Flag = 0;
  53   3              }
  54   2      
  55   2              if (Mileage_Finsh)
C51 COMPILER V9.52.0.0   MAIN                                                              02/06/2018 19:47:44 PAGE 2   

  56   2              {
  57   3      
  58   3                  Mileage[1] = MileageInfo[1]; //计算里程
  59   3                  if (Mileage[0] != Mileage[1])
  60   3                  {
  61   4                      Relay_Start = 0;
  62   4                                      GymInfoCom_10s = 0;
  63   4                  }
  64   3                  Mileage[0] = Mileage[1];
  65   3      
  66   3                  //SendArrayHex(1, MileageInfo, 2);
  67   3                  memset(MileageInfo, 0x00, 2);
  68   3                  Mileage_Finsh = 0;
  69   3              }
  70   2          }
  71   1      }
  72          
  73          /**清除数组中指定区域，
  74           * Array：待清除的数组
  75           * Ch：清除区域准备填充的数据
  76           * Head：待清除的起始地址
  77           * Length：待清除的数据长度
  78           */
  79          void ArrayReset(unsigned char *Array, unsigned char Ch, char Head, char Length)
  80          {
  81   1          char i = 0;
  82   1          for (i = Head; i <= Length; i++)
  83   1          {
  84   2              Array[i] = Ch;
  85   2          }
  86   1      }


MODULE INFORMATION:   STATIC OVERLAYABLE
   CODE SIZE        =    223    ----
   CONSTANT SIZE    =      4    ----
   XDATA SIZE       =   ----    ----
   PDATA SIZE       =   ----    ----
   DATA SIZE        =      5      12
   IDATA SIZE       =   ----    ----
   BIT SIZE         =      2    ----
END OF MODULE INFORMATION.


C51 COMPILATION COMPLETE.  0 WARNING(S),  0 ERROR(S)
