C51 COMPILER V9.52.0.0   BOARDID                                                           03/26/2018 12:08:46 PAGE 1   


C51 COMPILER V9.52.0.0, COMPILATION OF MODULE BOARDID
OBJECT MODULE PLACED IN boardID.OBJ
COMPILER INVOKED BY: D:\Program Files\Keil\C51\BIN\C51.EXE boardID.c BROWSE DEBUG OBJECTEXTEND

line level    source

   1          #include "main.h"
   2          #include "uart.h"
   3          
   4          #define ID_Addr_RAM 0xf1
   5          #define ID_Addr_ROM 0xfdf9
   6          
   7          uchar xdata Card_Info[7] = {0x00, 0x00, 0x00, 0x00, 0x00, 0x00, 0x00};
   8          //uchar idata *ID = 0xf1;
   9          
  10          //**********************************************************************
  11          void main()
  12          {
  13   1          uchar i = 0;
  14   1          uchar temp = 0;
  15   1      //      uchar idata *iptr;
  16   1      //      uchar code *cptr;
  17   1      //      iptr = ID_Addr_RAM;
  18   1      //      cptr = ID_Addr_ROM;
  19   1      
  20   1      //    for (i = 0; i < 7; i++)
  21   1      //    {
  22   1      //        Card_Info[i] = *iptr++;
  23   1      //    }
  24   1      //       for (i = 0; i < 7; i++)
  25   1      //    {
  26   1      //        Card_Info[i] = *cptr++;
  27   1      //    }
  28   1              
  29   1              Init_Uart();
  30   1              ReadMechineID(Card_Info,ID_Addr_ROM);
  31   1              delay1(1500);
  32   1          while (1)
  33   1          {
  34   2              SendString(1, "\r\n");
  35   2              SendArrayHex(1, Card_Info, 7);
  36   2              SendString(1, "\r\n");
  37   2              delay1(1500);
  38   2          }
  39   1      }
  40          
  41          /**清除数组中指定区域，
  42           * Array：待清除的数组
  43           * Ch：清除区域准备填充的数据
  44           * Head：待清除的起始地址
  45           * Length：待清除的数据长度
  46           */
  47          void ArrayReset(unsigned char *Array, unsigned char Ch, char Head, char Length)
  48          {
  49   1          char i = 0;
  50   1          for (i = Head; i <= Length; i++)
  51   1          {
  52   2              Array[i] = Ch;
  53   2          }
  54   1      }
  55          /**延时 n ms
C51 COMPILER V9.52.0.0   BOARDID                                                           03/26/2018 12:08:46 PAGE 2   

  56           * n：n ms
  57           */
  58          void delay1(uint n)
  59          {
  60   1          uchar i, j;
  61   1          while (n--) {
  62   2              i = 15;
  63   2              j = 90;
  64   2              do
  65   2              {
  66   3                  while (--j);
  67   3              } while (--i);
  68   2          }
  69   1      }
  70          /**读取单片机的全球唯一的ID号码
  71           * Array：存放ID的数组
  72           * uchar code *Addr：采用ROM的读取方法
  73           */
  74          void ReadMechineID(unsigned char *Array,uchar code *Addr)
  75          {
  76   1              uchar i = 0;
  77   1              for (i = 0; i < 7; i++)
  78   1          {
  79   2              Array[i] = *Addr++;
  80   2          }
  81   1      }


MODULE INFORMATION:   STATIC OVERLAYABLE
   CODE SIZE        =    187    ----
   CONSTANT SIZE    =      3    ----
   XDATA SIZE       =      7    ----
   PDATA SIZE       =   ----    ----
   DATA SIZE        =   ----      13
   IDATA SIZE       =   ----    ----
   BIT SIZE         =   ----    ----
END OF MODULE INFORMATION.


C51 COMPILATION COMPLETE.  0 WARNING(S),  0 ERROR(S)
