C51 COMPILER V9.52.0.0   FUN                                                               02/03/2018 10:26:36 PAGE 1   


C51 COMPILER V9.52.0.0, COMPILATION OF MODULE FUN
OBJECT MODULE PLACED IN fun.OBJ
COMPILER INVOKED BY: D:\Program Files\Keil\C51\BIN\C51.EXE fun.c BROWSE DEBUG OBJECTEXTEND

line level    source

   1          #include <fun.h>
   2          
   3          #define ID_NUM 8
   4          // uchar CardType[2] = {0x00, 0x0};
   5          // uchar UID[4] = {0x00, 0x00, 0x00, 0x00};
   6          uchar xdata g_ucTempbuf[20];
   7          const uchar xdata UIDlist[ID_NUM][4] = {
   8          {0x89,0x85,0xb9,0x64},
   9          {0x89,0x85,0x83,0x67},
  10          {0x79,0xB9,0x59,0x29},
  11          {0x58,0x8C,0x1B,0x30},
  12          {0x24,0x3E,0xE3,0xB9},
  13          {0x56,0xA9,0xF7,0x70},
  14          {0x58,0x93,0x11,0x10},
  15          {0x8A,0xDA,0x7C,0x04}
  16          };
  17          
  18          /**延时 n ms
  19           * n：n ms
  20           */ 
  21          void delay1(uint n)
  22          {
  23   1          uchar i, j;
  24   1          while (n--) {
  25   2              i = 15;
  26   2              j = 90;
  27   2              do
  28   2              {
  29   3                  while (--j);
  30   3              } while (--i);
  31   2          }
  32   1      }
  33          /**寻找指定UID的卡号
  34           * UID：需要匹配的卡号
  35           */
  36          /*
  37          bit FindUID(char *UID)
  38          {
  39              char* UID_Temp = UID;
  40                  uchar xdata i,k;
  41              for (i = 0; i < ID_NUM; i ++)
  42              {
  43                  UID_Temp = UID;
  44                          for (k = 0; k < 4;k ++)
  45                  {
  46                      if ((*UID_Temp++) != UIDlist[i][k])
  47                      {
  48                                          break;
  49                      }
  50                                  return 1;
  51                 }
  52              }
  53              return 0;
  54          }
  55          */
C51 COMPILER V9.52.0.0   FUN                                                               02/03/2018 10:26:36 PAGE 2   



MODULE INFORMATION:   STATIC OVERLAYABLE
   CODE SIZE        =     21    ----
   CONSTANT SIZE    =   ----    ----
   XDATA SIZE       =     52    ----
   PDATA SIZE       =   ----    ----
   DATA SIZE        =   ----    ----
   IDATA SIZE       =   ----    ----
   BIT SIZE         =   ----    ----
END OF MODULE INFORMATION.


C51 COMPILATION COMPLETE.  0 WARNING(S),  0 ERROR(S)
