C51 COMPILER V9.52.0.0   TIMER                                                             02/03/2018 10:26:37 PAGE 1   


C51 COMPILER V9.52.0.0, COMPILATION OF MODULE TIMER
OBJECT MODULE PLACED IN timer.OBJ
COMPILER INVOKED BY: D:\Program Files\Keil\C51\BIN\C51.EXE timer.c BROWSE DEBUG OBJECTEXTEND

line level    source

   1          #include <timer.h>
   2          
   3          extern uint xdata TimeIndex = 0;
   4          extern uchar TimeReadUID = 0;//读卡器定时器计时
   5          extern uchar UID_Index;
   6          
   7          void InitTimer0()
   8          {
   9   1          AUXR |= 0x80;                         //定时器时钟1T模式
  10   1          TMOD &= 0xF0;                         //设置定时器
  11   1          TL0 = (65536 - FOSC / Timer0Hz);      //设置定时初值
  12   1          TH0 = (65536 - FOSC / Timer0Hz) >> 8; //设置定时初值
  13   1          TF0 = 0;                              //清楚TF0标志
  14   1          TR0 = 1;                              //定时器0开始计时
  15   1          ET0 = 1;
  16   1          EA = 1;
  17   1      }
  18          
  19          void Timer0Isr() interrupt 1
  20          {
  21   1          TimeIndex = TimeIndex + 1;
  22   1          TimeReadUID = TimeReadUID + 1;
  23   1              
  24   1          if (TimeIndex >= 500)
  25   1          {
  26   2              TimeIndex = 0;
  27   2              UID_Index = 0;
  28   2          }
  29   1      
  30   1          if (TimeReadUID >= 100)//100ms间隔，读卡号
  31   1          {
  32   2              TimeReadUID = 0;
  33   2              UID_Index = 0;
  34   2          }
  35   1      }


MODULE INFORMATION:   STATIC OVERLAYABLE
   CODE SIZE        =     88    ----
   CONSTANT SIZE    =   ----    ----
   XDATA SIZE       =      2    ----
   PDATA SIZE       =   ----    ----
   DATA SIZE        =      1    ----
   IDATA SIZE       =   ----    ----
   BIT SIZE         =   ----    ----
END OF MODULE INFORMATION.


C51 COMPILATION COMPLETE.  0 WARNING(S),  0 ERROR(S)
