C51 COMPILER V9.52.0.0   UART                                                              01/12/2018 21:42:30 PAGE 1   


C51 COMPILER V9.52.0.0, COMPILATION OF MODULE UART
OBJECT MODULE PLACED IN uart.OBJ
COMPILER INVOKED BY: D:\Program Files\Keil\C51\BIN\C51.EXE uart.c LARGE BROWSE DEBUG OBJECTEXTEND

line level    source

   1          #include "uart.h"
   2          unsigned char xdata _16_2_str[16] = {'0', '1', '2', '3', '4', '5', '6', '7', '8', '9', 'A', 'B', 'C', 'D',
             - 'E', 'F'};
   3          bit busy;
   4          //bit recive_flag = 0;
   5          
   6          void Init_Uart()
   7          {
   8   1              SCON = 0x50;
   9   1          T2L = (65536 - (FOSC / 4 / BAUD));
  10   1          T2H = (65536 - (FOSC / 4 / BAUD)) >> 8;
  11   1          AUXR = 0X14;
  12   1          AUXR |= 0X01;
  13   1          ES = 1;
  14   1          EA = 1;
  15   1      }
  16          void SendData(unsigned char dat)
  17          {
  18   1          while(busy);
  19   1          ACC = dat;
  20   1          busy = 1;
  21   1          SBUF = ACC;
  22   1      }
  23          
  24          void SendString(char*s)
  25          {
  26   1          while (*s)
  27   1          {
  28   2              SendData(*s++);
  29   2          }
  30   1      }
  31          void delay1(unsigned int z)
  32          {
  33   1          unsigned int x, y;
  34   1          for(x = z; x > 0; x--)
  35   1              for(y = 110; y > 0; y--);
  36   1      }
  37          
  38          void Uart() interrupt 4 using 1
  39          {
  40   1          /*
  41   1              if (RI) {
  42   1              RI=0;
  43   1              P0=SBUF;
  44   1              P22=RB8;
  45   1                      recive_flag = 1;
  46   1          }
  47   1              */
  48   1          if(TI)
  49   1          {
  50   2              TI = 0;
  51   2              busy = 0;
  52   2          }
  53   1      }
  54          /*******************按照16进制串口打印********************************
C51 COMPILER V9.52.0.0   UART                                                              01/12/2018 21:42:30 PAGE 2   

  55          *参数 uchar temp:需要16进制串口打印的数据
  56          */
  57          void send_16_2_str(unsigned char temp)
  58          {
  59   1          unsigned char str[2] = {'0', '0'};
  60   1          unsigned char low;
  61   1          unsigned char high;
  62   1          low = temp & 0x0f;
  63   1          high = (temp & 0xf0) >> 4;
  64   1          str[0] = _16_2_str[high];
  65   1          str[1] = _16_2_str[low];
  66   1          SendData(str[0]);//打印高8位
  67   1              SendData(str[1]);//打印低8位
  68   1      }
  69          void SendArrayStr(unsigned int n, unsigned char *p)
  70          {
  71   1          while(n--)
  72   1          {
  73   2              send_16_2_str(*p++);
  74   2          }
  75   1      }


MODULE INFORMATION:   STATIC OVERLAYABLE
   CODE SIZE        =    258    ----
   CONSTANT SIZE    =      2    ----
   XDATA SIZE       =     16      11
   PDATA SIZE       =   ----    ----
   DATA SIZE        =   ----    ----
   IDATA SIZE       =   ----    ----
   BIT SIZE         =      1    ----
END OF MODULE INFORMATION.


C51 COMPILATION COMPLETE.  0 WARNING(S),  0 ERROR(S)
