Added Component: Designator=BEEP2(BEEP)
Added Component: Designator=C1(CAP)
Added Component: Designator=C2(capc)
Added Component: Designator=C3(CAP)
Added Component: Designator=C4(CAP)
Added Component: Designator=C5(CAP)
Added Component: Designator=C6(CAP)
Added Component: Designator=C12(capc)
Added Component: Designator=CT1(ConTerminal)
Added Component: Designator=CT2(ConTerminal)
Added Component: Designator=CT3(ConTerminal)
Added Component: Designator=D1(D4148_1206)
Added Component: Designator=D2(D4148_1206)
Added Component: Designator=LED1(LED_3mm)
Added Component: Designator=LED2(LED_3mm)
Added Component: Designator=LED3(LED_3mm)
Added Component: Designator=LED4(LED_3mm)
Added Component: Designator=mUSB1(mUSB)
Added Component: Designator=P1(pin4)
Added Component: Designator=P2(2P_Socket)
Added Component: Designator=P3(4P_Socket)
Added Component: Designator=P4(4P_Socket)
Added Component: Designator=P5(WiFi)
Added Component: Designator=P6(pin8)
Added Component: Designator=P7(pin6)
Added Component: Designator=P8(pin6)
Added Component: Designator=P9(4P_Socket)
Added Component: Designator=R1(res)
Added Component: Designator=R2(res)
Added Component: Designator=R3(res)
Added Component: Designator=R4(res)
Added Component: Designator=R6(res)
Added Component: Designator=R7(res)
Added Component: Designator=R9(res)
Added Component: Designator=Relay2(¼ÌµçÆ÷-SRD)
Added Component: Designator=Rely1(¼ÌµçÆ÷-SRD)
Added Component: Designator=RST(SW_PB)
Added Component: Designator=S1(Horizontal_Switch)
Added Component: Designator=T1(PNP)
Added Component: Designator=T2(PNP)
Added Component: Designator=U2(STC8A8K64S4A12_LQFP64S)
Added Component: Designator=U3(RT9193-33)
Added Pin To Net: NetName=ES/DF Pin=P5-3
Added Pin To Net: NetName=ES/DF Pin=U2-5
Added Net: Name=ES/DF
Added Pin To Net: NetName=GND Pin=C1-1
Added Pin To Net: NetName=GND Pin=C2-2
Added Pin To Net: NetName=GND Pin=C3-2
Added Pin To Net: NetName=GND Pin=C4-2
Added Pin To Net: NetName=GND Pin=C5-2
Added Pin To Net: NetName=GND Pin=C6-2
Added Pin To Net: NetName=GND Pin=D1-1
Added Pin To Net: NetName=GND Pin=D2-1
Added Pin To Net: NetName=GND Pin=LED1-2
Added Pin To Net: NetName=GND Pin=LED3-2
Added Pin To Net: NetName=GND Pin=LED4-2
Added Pin To Net: NetName=GND Pin=mUSB1-GND
Added Pin To Net: NetName=GND Pin=P1-4
Added Pin To Net: NetName=GND Pin=P2-1
Added Pin To Net: NetName=GND Pin=P3-3
Added Pin To Net: NetName=GND Pin=P4-4
Added Pin To Net: NetName=GND Pin=P5-8
Added Pin To Net: NetName=GND Pin=P7-2
Added Pin To Net: NetName=GND Pin=P7-4
Added Pin To Net: NetName=GND Pin=P7-6
Added Pin To Net: NetName=GND Pin=P8-2
Added Pin To Net: NetName=GND Pin=P8-4
Added Pin To Net: NetName=GND Pin=P8-6
Added Pin To Net: NetName=GND Pin=R9-1
Added Pin To Net: NetName=GND Pin=Relay2-2
Added Pin To Net: NetName=GND Pin=Rely1-2
Added Pin To Net: NetName=GND Pin=U2-21
Added Pin To Net: NetName=GND Pin=U3-2
Added Net: Name=GND
Added Pin To Net: NetName=GPIO0 Pin=P5-1
Added Pin To Net: NetName=GPIO0 Pin=U2-11
Added Net: Name=GPIO0
Added Pin To Net: NetName=GPIO1 Pin=P5-2
Added Pin To Net: NetName=GPIO1 Pin=U2-10
Added Net: Name=GPIO1
Added Pin To Net: NetName=HRST Pin=C12-2
Added Pin To Net: NetName=HRST Pin=R9-2
Added Pin To Net: NetName=HRST Pin=RST-2
Added Pin To Net: NetName=HRST Pin=U2-18
Added Net: Name=HRST
Added Pin To Net: NetName=KEY_START Pin=CT3-1
Added Pin To Net: NetName=KEY_START Pin=U2-29
Added Net: Name=KEY_START
Added Pin To Net: NetName=KEY_STOP Pin=CT3-2
Added Pin To Net: NetName=KEY_STOP Pin=U2-30
Added Net: Name=KEY_STOP
Added Pin To Net: NetName=NetC6_1 Pin=C6-1
Added Pin To Net: NetName=NetC6_1 Pin=U3-4
Added Net: Name=NetC6_1
Added Pin To Net: NetName=NetCT1_1 Pin=CT1-1
Added Pin To Net: NetName=NetCT1_1 Pin=P9-1
Added Pin To Net: NetName=NetCT1_1 Pin=Rely1-3
Added Net: Name=NetCT1_1
Added Pin To Net: NetName=NetCT1_2 Pin=CT1-2
Added Pin To Net: NetName=NetCT1_2 Pin=P9-4
Added Pin To Net: NetName=NetCT1_2 Pin=Rely1-5
Added Net: Name=NetCT1_2
Added Pin To Net: NetName=NetCT2_1 Pin=CT2-1
Added Pin To Net: NetName=NetCT2_1 Pin=Relay2-3
Added Net: Name=NetCT2_1
Added Pin To Net: NetName=NetCT2_2 Pin=CT2-2
Added Pin To Net: NetName=NetCT2_2 Pin=Relay2-5
Added Net: Name=NetCT2_2
Added Pin To Net: NetName=NetD1_2 Pin=D1-2
Added Pin To Net: NetName=NetD1_2 Pin=R3-2
Added Pin To Net: NetName=NetD1_2 Pin=Rely1-1
Added Pin To Net: NetName=NetD1_2 Pin=T1-3
Added Net: Name=NetD1_2
Added Pin To Net: NetName=NetD2_2 Pin=D2-2
Added Pin To Net: NetName=NetD2_2 Pin=R6-2
Added Pin To Net: NetName=NetD2_2 Pin=Relay2-1
Added Pin To Net: NetName=NetD2_2 Pin=T2-3
Added Net: Name=NetD2_2
Added Pin To Net: NetName=NetLED1_1 Pin=LED1-1
Added Pin To Net: NetName=NetLED1_1 Pin=R1-2
Added Net: Name=NetLED1_1
Added Pin To Net: NetName=NetLED2_1 Pin=LED2-1
Added Pin To Net: NetName=NetLED2_1 Pin=R2-2
Added Net: Name=NetLED2_1
Added Pin To Net: NetName=NetLED3_1 Pin=LED3-1
Added Pin To Net: NetName=NetLED3_1 Pin=R3-1
Added Net: Name=NetLED3_1
Added Pin To Net: NetName=NetLED4_1 Pin=LED4-1
Added Pin To Net: NetName=NetLED4_1 Pin=R6-1
Added Net: Name=NetLED4_1
Added Pin To Net: NetName=NetmUSB1_VCC Pin=mUSB1-VCC
Added Pin To Net: NetName=NetmUSB1_VCC Pin=P2-2
Added Pin To Net: NetName=NetmUSB1_VCC Pin=S1-1
Added Net: Name=NetmUSB1_VCC
Added Pin To Net: NetName=NetP9_2 Pin=P9-2
Added Pin To Net: NetName=NetP9_2 Pin=P9-3
Added Net: Name=NetP9_2
Added Pin To Net: NetName=NetR4_1 Pin=R4-1
Added Pin To Net: NetName=NetR4_1 Pin=T1-2
Added Net: Name=NetR4_1
Added Pin To Net: NetName=NetR7_1 Pin=R7-1
Added Pin To Net: NetName=NetR7_1 Pin=T2-2
Added Net: Name=NetR7_1
Added Pin To Net: NetName=P04 Pin=P6-5
Added Pin To Net: NetName=P04 Pin=U2-60
Added Net: Name=P04
Added Pin To Net: NetName=P36 Pin=P6-8
Added Pin To Net: NetName=P36 Pin=U2-35
Added Net: Name=P36
Added Pin To Net: NetName=P37 Pin=P6-7
Added Pin To Net: NetName=P37 Pin=U2-36
Added Net: Name=P37
Added Pin To Net: NetName=P43 Pin=P6-6
Added Pin To Net: NetName=P43 Pin=U2-58
Added Net: Name=P43
Added Pin To Net: NetName=P74 Pin=P6-1
Added Pin To Net: NetName=P74 Pin=U2-54
Added Net: Name=P74
Added Pin To Net: NetName=P75 Pin=P6-2
Added Pin To Net: NetName=P75 Pin=U2-55
Added Net: Name=P75
Added Pin To Net: NetName=P76 Pin=P6-4
Added Pin To Net: NetName=P76 Pin=U2-56
Added Net: Name=P76
Added Pin To Net: NetName=P77 Pin=P6-3
Added Pin To Net: NetName=P77 Pin=U2-57
Added Net: Name=P77
Added Pin To Net: NetName=RESET Pin=P5-7
Added Pin To Net: NetName=RESET Pin=U2-6
Added Net: Name=RESET
Added Pin To Net: NetName=RXD2 Pin=P5-5
Added Pin To Net: NetName=RXD2 Pin=U2-64
Added Net: Name=RXD2
Added Pin To Net: NetName=RXD3 Pin=P3-2
Added Pin To Net: NetName=RXD3 Pin=U2-51
Added Net: Name=RXD3
Added Pin To Net: NetName=RXD4 Pin=P4-3
Added Pin To Net: NetName=RXD4 Pin=U2-53
Added Net: Name=RXD4
Added Pin To Net: NetName=RXD Pin=P1-2
Added Pin To Net: NetName=RXD Pin=U2-27
Added Net: Name=RXD
Added Pin To Net: NetName=SCK Pin=U2-12
Added Net: Name=SCK
Added Pin To Net: NetName=SET1 Pin=U2-63
Added Net: Name=SET1
Added Pin To Net: NetName=SET2 Pin=U2-50
Added Net: Name=SET2
Added Pin To Net: NetName=START Pin=R4-2
Added Pin To Net: NetName=START Pin=U2-7
Added Net: Name=START
Added Pin To Net: NetName=STATUS Pin=BEEP2-2
Added Pin To Net: NetName=STATUS Pin=LED2-2
Added Pin To Net: NetName=STATUS Pin=U2-20
Added Net: Name=STATUS
Added Pin To Net: NetName=STOP Pin=R7-2
Added Pin To Net: NetName=STOP Pin=U2-8
Added Net: Name=STOP
Added Pin To Net: NetName=TXD2 Pin=P5-6
Added Pin To Net: NetName=TXD2 Pin=U2-3
Added Net: Name=TXD2
Added Pin To Net: NetName=TXD3 Pin=P3-1
Added Pin To Net: NetName=TXD3 Pin=U2-52
Added Net: Name=TXD3
Added Pin To Net: NetName=TXD4 Pin=P4-2
Added Pin To Net: NetName=TXD4 Pin=U2-59
Added Net: Name=TXD4
Added Pin To Net: NetName=TXD Pin=P1-3
Added Pin To Net: NetName=TXD Pin=U2-28
Added Net: Name=TXD
Added Pin To Net: NetName=VCC33 Pin=C3-1
Added Pin To Net: NetName=VCC33 Pin=C4-1
Added Pin To Net: NetName=VCC33 Pin=P5-9
Added Pin To Net: NetName=VCC33 Pin=P7-1
Added Pin To Net: NetName=VCC33 Pin=P7-3
Added Pin To Net: NetName=VCC33 Pin=P7-5
Added Pin To Net: NetName=VCC33 Pin=U3-5
Added Net: Name=VCC33
Added Pin To Net: NetName=VCC Pin=BEEP2-1
Added Pin To Net: NetName=VCC Pin=C1-2
Added Pin To Net: NetName=VCC Pin=C2-1
Added Pin To Net: NetName=VCC Pin=C5-1
Added Pin To Net: NetName=VCC Pin=C12-1
Added Pin To Net: NetName=VCC Pin=P1-1
Added Pin To Net: NetName=VCC Pin=P3-4
Added Pin To Net: NetName=VCC Pin=P4-1
Added Pin To Net: NetName=VCC Pin=P8-1
Added Pin To Net: NetName=VCC Pin=P8-3
Added Pin To Net: NetName=VCC Pin=P8-5
Added Pin To Net: NetName=VCC Pin=R1-1
Added Pin To Net: NetName=VCC Pin=R2-1
Added Pin To Net: NetName=VCC Pin=RST-1
Added Pin To Net: NetName=VCC Pin=S1-2
Added Pin To Net: NetName=VCC Pin=T1-1
Added Pin To Net: NetName=VCC Pin=T2-1
Added Pin To Net: NetName=VCC Pin=U2-19
Added Pin To Net: NetName=VCC Pin=U3-1
Added Pin To Net: NetName=VCC Pin=U3-3
Added Net: Name=VCC
Added Pin To Net: NetName=WIFI Pin=P5-4
Added Pin To Net: NetName=WIFI Pin=U2-4
Added Net: Name=WIFI
Added Class: Name=start
Added Room: Name=start
